# JRE version: OpenJDK Runtime Environment (11.0.13) (build 11.0.13+0-b1751.21-8125866)
# Java VM: OpenJDK 64-Bit Server VM (11.0.13+0-b1751.21-8125866, mixed mode, tiered, compressed oops, g1 gc, windows-amd64)
Heap:
 garbage-first heap   total 131072K, used 16181K [0x0000000081c00000, 0x0000000100000000)
  region size 1024K, 10 young (10240K), 3 survivors (3072K)
 Metaspace       used 30500K, capacity 31154K, committed 31360K, reserved 1077248K
  class space    used 3420K, capacity 3633K, committed 3712K, reserved 1048576K
GC Heap History (6 events):
Event: 0.973 GC heap before
{Heap before GC invocations=0 (full 0):
 garbage-first heap   total 131072K, used 17408K [0x0000000081c00000, 0x0000000100000000)
  region size 1024K, 14 young (14336K), 0 survivors (0K)
 Metaspace       used 13011K, capacity 13225K, committed 13440K, reserved 1060864K
  class space    used 1300K, capacity 1408K, committed 1408K, reserved 1048576K
}
Event: 0.976 GC heap after
{Heap after GC invocations=1 (full 0):
 garbage-first heap   total 131072K, used 4935K [0x0000000081c00000, 0x0000000100000000)
  region size 1024K, 2 young (2048K), 2 survivors (2048K)
 Metaspace       used 13011K, capacity 13225K, committed 13440K, reserved 1060864K
  class space    used 1300K, capacity 1408K, committed 1408K, reserved 1048576K
}
Event: 2.639 GC heap before
{Heap before GC invocations=1 (full 0):
 garbage-first heap   total 131072K, used 29511K [0x0000000081c00000, 0x0000000100000000)
  region size 1024K, 26 young (26624K), 2 survivors (2048K)
 Metaspace       used 20512K, capacity 21030K, committed 21248K, reserved 1069056K
  class space    used 2166K, capacity 2290K, committed 2304K, reserved 1048576K
}
Event: 2.654 GC heap after
{Heap after GC invocations=2 (full 0):
 garbage-first heap   total 131072K, used 8659K [0x0000000081c00000, 0x0000000100000000)
  region size 1024K, 6 young (6144K), 6 survivors (6144K)
 Metaspace       used 20512K, capacity 21030K, committed 21248K, reserved 1069056K
  class space    used 2166K, capacity 2290K, committed 2304K, reserved 1048576K
}
Event: 3.767 GC heap before
{Heap before GC invocations=3 (full 0):
 garbage-first heap   total 131072K, used 39379K [0x0000000081c00000, 0x0000000100000000)
  region size 1024K, 36 young (36864K), 6 survivors (6144K)
 Metaspace       used 28163K, capacity 28869K, committed 28928K, reserved 1075200K
  class space    used 3116K, capacity 3291K, committed 3328K, reserved 1048576K
}
Event: 3.777 GC heap after
{Heap after GC invocations=4 (full 0):
 garbage-first heap   total 131072K, used 11061K [0x0000000081c00000, 0x0000000100000000)
  region size 1024K, 3 young (3072K), 3 survivors (3072K)
 Metaspace       used 28163K, capacity 28869K, committed 28928K, reserved 1075200K
  class space    used 3116K, capacity 3291K, committed 3328K, reserved 1048576K
}

