# JRE version: OpenJDK Runtime Environment (11.0.13) (build 11.0.13+0-b1751.21-8125866)
# Java VM: OpenJDK 64-Bit Server VM (11.0.13+0-b1751.21-8125866, mixed mode, tiered, compressed oops, g1 gc, windows-amd64)
Heap:
 garbage-first heap   total 131072K, used 15219K [0x0000000081c00000, 0x0000000100000000)
  region size 1024K, 8 young (8192K), 5 survivors (5120K)
 Metaspace       used 35881K, capacity 36604K, committed 36688K, reserved 1081344K
  class space    used 4054K, capacity 4305K, committed 4352K, reserved 1048576K
GC Heap History (8 events):
Event: 1.177 GC heap before
{Heap before GC invocations=0 (full 0):
 garbage-first heap   total 131072K, used 17408K [0x0000000081c00000, 0x0000000100000000)
  region size 1024K, 14 young (14336K), 0 survivors (0K)
 Metaspace       used 12994K, capacity 13225K, committed 13440K, reserved 1060864K
  class space    used 1301K, capacity 1408K, committed 1408K, reserved 1048576K
}
Event: 1.180 GC heap after
{Heap after GC invocations=1 (full 0):
 garbage-first heap   total 131072K, used 4941K [0x0000000081c00000, 0x0000000100000000)
  region size 1024K, 2 young (2048K), 2 survivors (2048K)
 Metaspace       used 12994K, capacity 13225K, committed 13440K, reserved 1060864K
  class space    used 1301K, capacity 1408K, committed 1408K, reserved 1048576K
}
Event: 2.225 GC heap before
{Heap before GC invocations=1 (full 0):
 garbage-first heap   total 131072K, used 29517K [0x0000000081c00000, 0x0000000100000000)
  region size 1024K, 26 young (26624K), 2 survivors (2048K)
 Metaspace       used 20574K, capacity 21114K, committed 21296K, reserved 1069056K
  class space    used 2182K, capacity 2322K, committed 2432K, reserved 1048576K
}
Event: 2.233 GC heap after
{Heap after GC invocations=2 (full 0):
 garbage-first heap   total 131072K, used 8685K [0x0000000081c00000, 0x0000000100000000)
  region size 1024K, 6 young (6144K), 6 survivors (6144K)
 Metaspace       used 20574K, capacity 21114K, committed 21296K, reserved 1069056K
  class space    used 2182K, capacity 2322K, committed 2432K, reserved 1048576K
}
Event: 3.165 GC heap before
{Heap before GC invocations=3 (full 0):
 garbage-first heap   total 131072K, used 40429K [0x0000000081c00000, 0x0000000100000000)
  region size 1024K, 37 young (37888K), 6 survivors (6144K)
 Metaspace       used 28415K, capacity 29019K, committed 29104K, reserved 1075200K
  class space    used 3163K, capacity 3324K, committed 3328K, reserved 1048576K
}
Event: 3.179 GC heap after
{Heap after GC invocations=4 (full 0):
 garbage-first heap   total 131072K, used 11299K [0x0000000081c00000, 0x0000000100000000)
  region size 1024K, 3 young (3072K), 3 survivors (3072K)
 Metaspace       used 28415K, capacity 29019K, committed 29104K, reserved 1075200K
  class space    used 3163K, capacity 3324K, committed 3328K, reserved 1048576K
}
Event: 5.645 GC heap before
{Heap before GC invocations=4 (full 0):
 garbage-first heap   total 131072K, used 32803K [0x0000000081c00000, 0x0000000100000000)
  region size 1024K, 26 young (26624K), 3 survivors (3072K)
 Metaspace       used 35070K, capacity 35798K, committed 35920K, reserved 1081344K
  class space    used 3974K, capacity 4271K, committed 4352K, reserved 1048576K
}
Event: 5.649 GC heap after
{Heap after GC invocations=5 (full 0):
 garbage-first heap   total 131072K, used 13171K [0x0000000081c00000, 0x0000000100000000)
  region size 1024K, 5 young (5120K), 5 survivors (5120K)
 Metaspace       used 35070K, capacity 35798K, committed 35920K, reserved 1081344K
  class space    used 3974K, capacity 4271K, committed 4352K, reserved 1048576K
}

