# JRE version: OpenJDK Runtime Environment (11.0.13) (build 11.0.13+0-b1751.21-8125866)
# Java VM: OpenJDK 64-Bit Server VM (11.0.13+0-b1751.21-8125866, mixed mode, tiered, compressed oops, g1 gc, windows-amd64)
Heap:
 garbage-first heap   total 131072K, used 4917K [0x0000000081c00000, 0x0000000100000000)
  region size 1024K, 2 young (2048K), 2 survivors (2048K)
 Metaspace       used 11715K, capacity 11915K, committed 12032K, reserved 1085440K
  class space    used 1158K, capacity 1204K, committed 1280K, reserved 1048576K
GC Heap History (6 events):
Event: 0.495 GC heap before
{Heap before GC invocations=0 (full 0):
 garbage-first heap   total 131072K, used 11264K [0x0000000081c00000, 0x0000000100000000)
  region size 1024K, 9 young (9216K), 0 survivors (0K)
 Metaspace       used 9448K, capacity 9591K, committed 9728K, reserved 1069056K
  class space    used 837K, capacity 918K, committed 1024K, reserved 1048576K
}
Event: 0.507 GC heap after
{Heap after GC invocations=1 (full 0):
 garbage-first heap   total 131072K, used 4396K [0x0000000081c00000, 0x0000000100000000)
  region size 1024K, 2 young (2048K), 2 survivors (2048K)
 Metaspace       used 9448K, capacity 9591K, committed 9728K, reserved 1069056K
  class space    used 837K, capacity 918K, committed 1024K, reserved 1048576K
}
Event: 0.597 GC heap before
{Heap before GC invocations=2 (full 0):
 garbage-first heap   total 131072K, used 8492K [0x0000000081c00000, 0x0000000100000000)
  region size 1024K, 7 young (7168K), 2 survivors (2048K)
 Metaspace       used 11203K, capacity 11351K, committed 11520K, reserved 1075200K
  class space    used 1078K, capacity 1165K, committed 1280K, reserved 1048576K
}
Event: 0.599 GC heap after
{Heap after GC invocations=3 (full 0):
 garbage-first heap   total 131072K, used 4739K [0x0000000081c00000, 0x0000000100000000)
  region size 1024K, 2 young (2048K), 2 survivors (2048K)
 Metaspace       used 11203K, capacity 11351K, committed 11520K, reserved 1075200K
  class space    used 1078K, capacity 1165K, committed 1280K, reserved 1048576K
}
Event: 0.626 GC heap before
{Heap before GC invocations=4 (full 0):
 garbage-first heap   total 131072K, used 5763K [0x0000000081c00000, 0x0000000100000000)
  region size 1024K, 4 young (4096K), 2 survivors (2048K)
 Metaspace       used 11715K, capacity 11915K, committed 12032K, reserved 1083392K
  class space    used 1158K, capacity 1204K, committed 1280K, reserved 1048576K
}
Event: 0.629 GC heap after
{Heap after GC invocations=5 (full 0):
 garbage-first heap   total 131072K, used 4917K [0x0000000081c00000, 0x0000000100000000)
  region size 1024K, 2 young (2048K), 2 survivors (2048K)
 Metaspace       used 11715K, capacity 11915K, committed 12032K, reserved 1083392K
  class space    used 1158K, capacity 1204K, committed 1280K, reserved 1048576K
}

